images/New_923.jpg
images/Timofey_new_795.jpg
images/Lev_3_141.jpg
images/Artemii_3_234.jpg
images/Lev_1_215.jpg
images/Artemii_3_122.jpg
images/Timofey_new_1172.jpg
images/New_458.jpg
images/Artemii_3_220.jpg
images/Lev_1_192.jpg
images/bee8e52c-MS_635.jpg
images/Lev_3_218.jpg
images/Nafisa_1_61.jpg
images/Nafisa_1_156.jpg
images/New_1214.jpg
images/Timofey_new_563.jpg
images/Timofey_3_47.jpg
images/Artemii_new_1118.jpg
images/Timofey_1_176.jpg
images/41cd66d5-MS_602.jpg
images/d1efc720-Diploms_123.jpg
images/Artemii_new_1065.jpg
images/Nafisa_3_148.jpg
images/Timofey_new_1083.jpg
images/Lev_1_237.jpg
images/New_165.jpg
images/Lev_1_172.jpg
images/Nafisa_3_191.jpg
images/3be3f4a5-Diploms_90.jpg
images/a82498ef-Passports_32.jpg
images/bc2c3be4-Passports_43.jpg
images/Artemii_3_158.jpg
images/Timofey_new_950.jpg
images/Timofey_1_33.jpg
images/Timofey_1_153.jpg
images/Artemii_new_1304.jpg
images/Timofey_new_1087.jpg
images/2f336925-Bills_58.jpg
images/Timofey_new_594.jpg
images/Lev_3_188.jpg
images/Lev_1_37.jpg
images/New_725.jpg
images/Artemii_new_955.jpg
images/Lev_1_175.jpg
images/Lev_3_102.jpg
images/Lev_1_96.jpg
images/New_377.jpg
images/New_950.jpg
images/Timofey_3_232.jpg
images/Lev_1_220.jpg
images/31edaf36-MS_551.jpg
images/Timofey_1_53.jpg
images/Artemii_1_5.jpg
images/Artemii_new_888.jpg
images/New_855.jpg
images/Lev_3_208.jpg
images/New_110.jpg
images/Nafisa_3_122.jpg
images/Nafisa_3_14.jpg
images/Timofey_1_149.jpg
images/Timofey_1_147.jpg
images/Lev_3_260.jpg
images/Timofey_1_244.jpg
images/Artemii_3_51.jpg
images/Lev_1_20.jpg
images/Artemii_new_1264.jpg
images/Timofey_1_213.jpg
images/Lev_3_73.jpg
images/Timofey_new_85.jpg
images/Nafisa_3_129.jpg
images/Artemii_3_28.jpg
images/Artemii_1_21.jpg
images/Timofey_1_247.jpg
images/Timofey_1_84.jpg
images/b369fb70-Passports_71.jpg
images/New_67.jpg
images/Lev_1_103.jpg
images/Timofey_new_339.jpg
images/Artemii_new_1018.jpg
images/Artemii_new_1145.jpg
images/Nafisa_3_180.jpg
images/Lev_3_37.jpg
images/Artemii_new_1353.jpg
images/Nafisa_3_118.jpg
images/Lev_1_188.jpg
images/Artemii_new_1136.jpg
images/New_186.jpg
images/Artemii_1_107.jpg
images/Timofey_3_26.jpg
images/Nafisa_1_22.jpg
images/Nafisa_1_41.jpg
images/Nafisa_3_16.jpg
images/Nafisa_1_209.jpg
images/Artemii_new_866.jpg
images/Artemii_new_819.jpg
images/d14b2f43-Protocols_35.jpg
images/Timofey_3_117.jpg
images/Artemii_1_64.jpg
images/Lev_3_174.jpg
images/New_239.jpg
images/Artemii_new_1002.jpg
images/Nafisa_1_171.jpg
images/New_334.jpg
images/Timofey_1_174.jpg
images/Artemii_new_947.jpg
images/Timofey_1_231.jpg
images/Timofey_new_614.jpg
images/Lev_1_101.jpg
images/Lev_1_222.jpg
images/Nafisa_1_65.jpg
images/Timofey_3_123.jpg
images/ae758d6b-Diploms_133.jpg
images/New_101.jpg
images/Nafisa_1_66.jpg
images/Nafisa_1_84.jpg
images/Artemii_1_27.jpg
images/Timofey_1_160.jpg
images/Timofey_new_543.jpg
images/New_410.jpg
images/New_3.jpg
images/d8221fd6-Bills_84.jpg
images/059065f9-Bills_135.jpg
images/Timofey_new_889.jpg
images/Lev_3_144.jpg
images/Nafisa_1_167.jpg
images/New_882.jpg
images/Timofey_new_337.jpg
images/Timofey_new_664.jpg
images/Artemii_new_1227.jpg
images/e11ed5ec-Diploms_14.jpg
images/Artemii_1_187.jpg
images/Nafisa_1_232.jpg
images/Lev_3_243.jpg
images/6cab35f4-Diploms_18.jpg
images/f324f2d2-Protocols_65.jpg
images/New_335.jpg
images/Timofey_1_162.jpg
images/Artemii_1_51.jpg
images/Timofey_new_1255.jpg
images/63585ba0-Diploms_114.jpg
images/Timofey_1_4.jpg
images/Artemii_new_1193.jpg
images/3029aa4d-Protocols_102.jpg
images/Artemii_1_161.jpg
images/Artemii_new_1125.jpg
images/3816f070-Protocols_137.jpg
images/Artemii_1_72.jpg
images/New_55.jpg
images/Timofey_3_218.jpg
images/Artemii_1_85.jpg
images/Nafisa_1_190.jpg
images/Artemii_new_1064.jpg
images/31895925-Bills_283.jpg
images/New_872.jpg
images/Lev_1_184.jpg
images/Nafisa_1_103.jpg
images/f8638423-Diploms_140.jpg
images/New_1154.jpg
images/Lev_1_99.jpg
images/Lev_3_54.jpg
images/Nafisa_1_117.jpg
images/New_276.jpg
images/Artemii_new_1241.jpg
images/Timofey_new_792.jpg
images/Artemii_new_1196.jpg
images/Timofey_3_35.jpg
images/Nafisa_3_200.jpg
images/Timofey_1_209.jpg
images/Nafisa_1_215.jpg
images/Nafisa_3_48.jpg
images/Artemii_1_163.jpg
images/Timofey_1_192.jpg
images/b8275f62-Bills_242.jpg
images/Lev_1_114.jpg
images/Lev_1_88.jpg
images/Timofey_new_1334.jpg
images/Timofey_3_66.jpg
images/Artemii_1_180.jpg
images/f78941de-MS_404.jpg
images/Lev_3_244.jpg
images/Nafisa_1_55.jpg
images/ad2fdbea-Passports_13.jpg
images/Timofey_3_70.jpg
images/Timofey_new_316.jpg
images/Timofey_new_10.jpg
images/Artemii_1_101.jpg
images/Artemii_1_53.jpg
images/Timofey_new_51.jpg
images/Artemii_new_1230.jpg
images/Artemii_new_841.jpg
images/Artemii_1_15.jpg
images/6f5e7c08-Diploms_195.jpg
images/Artemii_3_19.jpg
images/Artemii_new_1090.jpg
images/Artemii_new_1062.jpg
images/Timofey_3_233.jpg
images/Artemii_3_213.jpg
images/Artemii_3_48.jpg
images/Nafisa_1_110.jpg
images/Timofey_new_885.jpg
images/Artemii_new_1039.jpg
images/Timofey_3_115.jpg
images/Timofey_3_113.jpg
images/Lev_3_166.jpg
images/79ef5724-Bills_102.jpg
images/Timofey_new_1113.jpg
images/Timofey_3_67.jpg
images/Timofey_new_886.jpg
images/Timofey_1_126.jpg
images/Nafisa_1_60.jpg
images/New_811.jpg
images/Timofey_new_1352.jpg
images/0b7798c8-Tribunal_171.jpg
images/Timofey_new_396.jpg
images/Lev_1_173.jpg
images/New_1205.jpg
images/Artemii_1_65.jpg
images/Nafisa_3_55.jpg
images/Artemii_new_970.jpg
images/Artemii_new_1028.jpg
images/04d2c5f1-Passports_113.jpg
images/6b55854d-Tribunal_25.jpg
images/dac951c9-Diploms_199.jpg
images/Artemii_1_213.jpg
images/Artemii_new_1059.jpg
images/Artemii_new_1011.jpg
images/Nafisa_3_32.jpg
images/Lev_1_81.jpg
images/Timofey_new_675.jpg
images/Artemii_new_949.jpg
images/Timofey_new_757.jpg
images/Nafisa_1_109.jpg
images/Lev_3_8.jpg
images/Lev_1_32.jpg
images/Timofey_new_996.jpg
images/a9c166f8-MS_572.jpg
images/New_1094.jpg
images/Artemii_3_8.jpg
images/Artemii_new_1048.jpg
images/Lev_3_172.jpg
images/Artemii_1_33.jpg
images/Lev_1_180.jpg
images/Timofey_3_120.jpg
images/Artemii_1_34.jpg
images/Timofey_new_1197.jpg
images/New_179.jpg
images/Lev_1_19.jpg
images/Lev_3_47.jpg
images/Lev_3_101.jpg
images/Artemii_3_233.jpg
images/Timofey_new_1194.jpg
images/Artemii_3_205.jpg
images/Nafisa_1_144.jpg
images/Lev_1_143.jpg
images/Artemii_new_1181.jpg
images/Timofey_3_54.jpg
images/Nafisa_1_202.jpg
images/b59aedbb-Protocols_73.jpg
images/Timofey_new_823.jpg
images/Artemii_1_197.jpg
images/New_1115.jpg
images/bc68cea2-Diploms_135.jpg
images/Nafisa_1_42.jpg
images/Lev_3_99.jpg
images/Artemii_new_1298.jpg
images/Nafisa_3_54.jpg
images/Lev_3_19.jpg
images/MS_58.jpg
images/Artemii_3_164.jpg
images/Nafisa_1_89.jpg
images/Artemii_1_123.jpg
images/Timofey_new_1071.jpg
images/Artemii_new_1089.jpg
images/Timofey_1_38.jpg
images/Timofey_new_593.jpg
images/79a24e3e-MS_406.jpg
images/Timofey_new_1130.jpg
images/New_1045.jpg
images/Timofey_new_1128.jpg
images/6846c16e-Protocols_19.jpg
images/Timofey_1_158.jpg
images/Artemii_new_887.jpg
images/bbe7aa9a-Passports_101.jpg
images/Artemii_3_177.jpg
images/Artemii_3_89.jpg
images/New_1153.jpg
images/Timofey_1_196.jpg
images/New_839.jpg
images/Artemii_new_1174.jpg
images/Nafisa_3_82.jpg
images/Timofey_new_1185.jpg
images/Timofey_3_68.jpg
images/d5fad503-Diploms_134.jpg
images/Artemii_new_1019.jpg
images/Timofey_1_204.jpg
images/Nafisa_3_219.jpg
images/279618d5-Protocols_96.jpg
images/Artemii_3_127.jpg
images/Lev_3_81.jpg
images/Timofey_new_782.jpg
images/Timofey_1_52.jpg
images/Timofey_new_1269.jpg
images/New_70.jpg
images/Timofey_new_929.jpg
images/Nafisa_3_64.jpg
images/d9246d14-MS_453.jpg
images/Timofey_new_1143.jpg
images/Timofey_3_72.jpg
images/Lev_1_58.jpg
images/Artemii_new_1236.jpg
images/Artemii_new_1243.jpg
images/b4d292ca-Passports_146.jpg
images/Timofey_new_871.jpg
images/Nafisa_1_134.jpg
images/Nafisa_1_188.jpg
images/46799eac-Bills_157.jpg
images/Timofey_1_136.jpg
images/New_668.jpg
images/Nafisa_1_118.jpg
images/Lev_1_221.jpg
images/New_966.jpg
images/Timofey_new_289.jpg
images/Artemii_new_848.jpg
images/48cf47c3-Passports_78.jpg
images/Timofey_3_59.jpg
images/Timofey_new_1099.jpg
images/Artemii_3_199.jpg
images/Artemii_3_92.jpg
images/2bd3cf79-MS_412.jpg
images/Timofey_3_8.jpg
images/Artemii_3_190.jpg
images/Lev_1_8.jpg
images/Artemii_3_250.jpg
images/9b3893f2-Bills_117.jpg
images/Nafisa_1_83.jpg
images/Artemii_1_95.jpg
images/New_620.jpg
images/fffda865-MS_471.jpg
images/90054f54-Diploms_164.jpg
images/Artemii_1_193.jpg
images/Artemii_new_1177.jpg
images/New_293.jpg
images/Nafisa_3_42.jpg
images/Timofey_new_389.jpg
images/Nafisa_1_113.jpg
images/Lev_1_156.jpg
images/Lev_1_165.jpg
images/980ae046-Bills_132.jpg
images/Lev_3_250.jpg
images/New_34.jpg
images/Lev_1_12.jpg
images/Timofey_3_93.jpg
images/Lev_1_77.jpg
images/Artemii_new_1104.jpg
images/New_320.jpg
images/27ea91fb-Passports_62.jpg
images/New_741.jpg
images/Timofey_3_157.jpg
images/Lev_3_229.jpg
images/49614a2f-MS_474.jpg
images/Timofey_new_184.jpg
images/Artemii_3_76.jpg
images/Timofey_3_7.jpg
images/7c5e2835-MS_532.jpg
images/Timofey_new_1279.jpg
images/Lev_3_180.jpg
images/Lev_1_159.jpg
images/Artemii_1_135.jpg
images/Lev_1_179.jpg
images/New_1158.jpg
images/Lev_1_6.jpg
images/MS_124.jpg
images/Lev_1_226.jpg
images/Nafisa_3_199.jpg
images/Artemii_1_174.jpg
images/Lev_3_48.jpg
images/Timofey_new_770.jpg
images/Nafisa_1_176.jpg
images/Artemii_1_230.jpg
images/Nafisa_1_23.jpg
images/New_754.jpg
images/New_35.jpg
images/Lev_1_230.jpg
images/2576d789-Protocols_163.jpg
images/Timofey_new_313.jpg
images/New_78.jpg
images/Timofey_new_107.jpg
images/New_519.jpg
images/MS_8.jpg
images/Artemii_1_37.jpg
images/Timofey_1_246.jpg
images/6e96862f-Passports_22.jpg
images/Timofey_3_202.jpg
images/Timofey_3_124.jpg
images/New_322.jpg
images/Lev_3_212.jpg
images/75bb0c13-MS_445.jpg
images/Timofey_3_126.jpg
images/2fc40d2b-Bills_176.jpg
images/Lev_3_3.jpg
images/Timofey_1_109.jpg
images/Artemii_1_89.jpg
images/Timofey_3_92.jpg
images/Lev_1_31.jpg
images/Nafisa_1_36.jpg
images/Timofey_new_404.jpg
images/Nafisa_3_26.jpg
images/Timofey_1_35.jpg
images/Artemii_new_999.jpg
images/Timofey_new_526.jpg
images/Nafisa_1_45.jpg
images/Timofey_1_166.jpg
images/Artemii_1_129.jpg
images/New_368.jpg
images/Timofey_1_3.jpg
images/Timofey_new_1101.jpg
images/Lev_1_203.jpg
images/Timofey_3_20.jpg
images/Nafisa_1_196.jpg
images/Artemii_new_1008.jpg
images/New_974.jpg
images/Timofey_1_197.jpg
images/Timofey_new_533.jpg
images/Artemii_new_963.jpg
images/Timofey_new_457.jpg
images/Nafisa_3_213.jpg
images/Nafisa_1_125.jpg
images/Timofey_new_84.jpg
images/Timofey_1_141.jpg
images/Timofey_3_191.jpg
images/f9dee5a8-MS_447.jpg
images/Timofey_new_736.jpg
images/Timofey_3_261.jpg
images/Artemii_3_59.jpg
images/New_947.jpg
images/Timofey_new_27.jpg
images/Artemii_new_1203.jpg
images/3fcd19eb-Diploms_4.jpg
images/Timofey_new_58.jpg
images/Artemii_1_154.jpg
images/Artemii_new_988.jpg
images/Artemii_new_1200.jpg
images/New_997.jpg
images/Artemii_3_93.jpg
images/New_663.jpg
images/New_1048.jpg
images/Artemii_3_104.jpg
images/Timofey_3_147.jpg
images/Timofey_new_114.jpg
images/Artemii_1_11.jpg
images/Artemii_1_122.jpg
images/Artemii_new_1191.jpg
images/Timofey_new_1236.jpg
images/Artemii_1_144.jpg
images/Lev_3_189.jpg
images/Timofey_new_1008.jpg
images/Timofey_3_141.jpg
images/Nafisa_3_162.jpg
images/Artemii_3_90.jpg
images/Artemii_1_74.jpg
images/Lev_1_119.jpg
images/Artemii_new_1148.jpg
images/Timofey_new_1167.jpg
images/Artemii_1_225.jpg
images/Timofey_new_213.jpg
images/New_501.jpg
images/Artemii_new_1083.jpg
images/Artemii_1_46.jpg
images/Nafisa_1_82.jpg
images/Timofey_new_159.jpg
images/New_358.jpg
images/New_488.jpg
images/Artemii_new_1290.jpg
images/New_951.jpg
images/48c557ed-Passports_66.jpg
images/New_880.jpg
images/New_240.jpg
images/Artemii_3_88.jpg
images/67c139dd-Bills_254.jpg
images/Timofey_new_1259.jpg
images/Artemii_new_1139.jpg
images/Lev_3_12.jpg
images/Artemii_3_201.jpg
images/MS_130.jpg
images/Artemii_1_245.jpg
images/c6d396da-Passports_117.jpg
images/Artemii_1_227.jpg
images/New_33.jpg
images/Artemii_1_179.jpg
images/Artemii_new_1341.jpg
images/Lev_1_217.jpg
images/Timofey_new_777.jpg
images/New_543.jpg
images/Timofey_new_967.jpg
images/Artemii_1_38.jpg
images/Lev_1_97.jpg
images/Lev_3_224.jpg
images/Artemii_1_112.jpg
images/9f8ce4c0-Protocols_131.jpg
images/Lev_3_173.jpg
images/Timofey_1_118.jpg
images/Timofey_new_621.jpg
images/Artemii_new_940.jpg
images/Timofey_new_906.jpg
images/6662a207-Passports_39.jpg
images/Timofey_1_205.jpg
images/Lev_1_68.jpg
images/Artemii_new_853.jpg
images/New_309.jpg
images/Lev_1_18.jpg
images/Lev_3_29.jpg
images/Timofey_3_231.jpg
images/New_1103.jpg
images/New_606.jpg
images/Timofey_1_200.jpg
images/Nafisa_1_187.jpg
images/Lev_3_255.jpg
images/Timofey_1_163.jpg
images/Artemii_new_814.jpg
images/New_41.jpg
images/Timofey_3_112.jpg
images/New_284.jpg
images/Timofey_new_627.jpg
images/Artemii_3_245.jpg
images/MS_179.jpg
images/Timofey_new_164.jpg
images/Timofey_3_134.jpg
images/New_961.jpg
images/Nafisa_3_157.jpg
images/Timofey_3_100.jpg
images/Lev_3_26.jpg
images/Artemii_new_932.jpg
images/New_1138.jpg
images/Artemii_1_106.jpg
images/New_623.jpg
images/966b153b-Diploms_185.jpg
images/Artemii_new_1037.jpg
images/Nafisa_1_239.jpg
images/Lev_3_94.jpg
images/MS_214.jpg
images/Timofey_3_138.jpg
images/Artemii_new_860.jpg
images/Timofey_new_423.jpg
images/Timofey_1_76.jpg
images/b0e8ac46-Protocols_127.jpg
images/Artemii_3_241.jpg
images/Artemii_new_1143.jpg
images/Artemii_3_223.jpg
images/Artemii_1_29.jpg
images/New_1107.jpg
images/cfc020cd-Bills_185.jpg
images/Artemii_new_1029.jpg
images/Artemii_new_1215.jpg
images/Timofey_1_87.jpg
images/Nafisa_3_249.jpg
images/Timofey_3_227.jpg
images/New_58.jpg
images/Nafisa_3_126.jpg
images/Artemii_new_813.jpg
images/Artemii_new_1253.jpg
images/Lev_1_140.jpg
images/Nafisa_1_92.jpg
images/Artemii_3_149.jpg
images/Timofey_new_1014.jpg
images/Timofey_3_90.jpg
images/Lev_3_57.jpg
images/Lev_1_41.jpg
images/Timofey_3_196.jpg
images/6093ec61-Tribunal_82.jpg
images/Artemii_3_117.jpg
images/Artemii_new_1244.jpg
images/Lev_3_124.jpg
images/Timofey_new_353.jpg
images/New_172.jpg
images/Nafisa_1_180.jpg
images/Artemii_3_252.jpg
images/Lev_1_136.jpg
images/429ef7c2-Diploms_69.jpg
images/Timofey_1_58.jpg
images/Artemii_new_815.jpg
images/Artemii_3_133.jpg
images/422053f1-Passports_103.jpg
images/Timofey_1_28.jpg
images/Lev_1_145.jpg
images/a85ba5fa-Diploms_155.jpg
images/Timofey_new_514.jpg
images/Timofey_1_81.jpg
images/Timofey_new_43.jpg
images/New_834.jpg
images/433e5cf8-MS_389.jpg
images/Artemii_new_823.jpg
images/Nafisa_1_174.jpg
images/Lev_1_239.jpg
images/Timofey_new_649.jpg
images/New_236.jpg
images/Timofey_new_417.jpg
images/New_965.jpg
images/New_640.jpg
images/9b48b47d-Passports_116.jpg
images/Artemii_new_1266.jpg
images/New_781.jpg
images/Nafisa_1_195.jpg
images/a8434c1b-Passports_40.jpg
images/New_646.jpg
images/Artemii_3_182.jpg
images/Lev_1_132.jpg
images/Artemii_new_1070.jpg
images/30540bcb-MS_361.jpg
images/New_1139.jpg
images/Nafisa_1_10.jpg
images/Artemii_1_211.jpg
images/Nafisa_1_26.jpg
images/Timofey_new_151.jpg
images/New_719.jpg
images/Artemii_3_139.jpg
images/Nafisa_1_244.jpg
images/Lev_1_211.jpg
images/Nafisa_3_88.jpg
images/Timofey_3_61.jpg
images/Artemii_new_1260.jpg
images/Artemii_new_1165.jpg
images/Timofey_3_27.jpg
images/Timofey_new_1298.jpg
images/New_653.jpg
images/Timofey_1_14.jpg
images/Timofey_new_1274.jpg
images/MS_151.jpg
images/Lev_1_142.jpg
images/Timofey_new_407.jpg
images/950252be-Bills_186.jpg
images/Artemii_new_1167.jpg
images/Artemii_new_806.jpg
images/Lev_3_171.jpg
images/New_636.jpg
images/Timofey_1_18.jpg
images/Timofey_new_1283.jpg
images/Lev_1_189.jpg
images/Artemii_new_923.jpg
images/Nafisa_1_221.jpg
images/New_400.jpg
images/Timofey_1_203.jpg
images/Artemii_new_1277.jpg
images/Nafisa_1_95.jpg
images/Timofey_1_165.jpg
images/Nafisa_1_135.jpg
images/Lev_1_17.jpg
images/Lev_1_33.jpg
images/b3b250d9-Bills_6.jpg
images/Lev_1_209.jpg
images/Timofey_new_280.jpg
images/New_339.jpg
images/Artemii_1_201.jpg
images/New_1096.jpg
images/Lev_1_148.jpg
images/Artemii_new_1284.jpg
images/Lev_3_204.jpg
images/Lev_3_23.jpg
images/Artemii_3_244.jpg
images/Artemii_new_1324.jpg
images/Timofey_new_838.jpg
images/cc90c43d-Bills_262.jpg
images/Lev_3_161.jpg
images/New_1123.jpg
images/Timofey_new_411.jpg
images/Lev_3_167.jpg
images/Timofey_3_121.jpg
images/Nafisa_1_12.jpg
images/New_1195.jpg
images/Artemii_new_1023.jpg
images/Timofey_3_49.jpg
images/Timofey_new_419.jpg
images/Artemii_new_830.jpg
images/Artemii_3_106.jpg
images/Artemii_new_1339.jpg
images/Timofey_new_1211.jpg
images/Artemii_new_1026.jpg
images/Artemii_new_885.jpg
images/6fd435dd-Protocols_62.jpg
images/New_346.jpg
images/Lev_1_63.jpg
images/Artemii_1_242.jpg
images/MS_106.jpg
images/Nafisa_3_253.jpg
images/e686d376-Protocols_92.jpg
images/d5d6fe86-Passports_64.jpg
images/Artemii_1_175.jpg
images/Artemii_3_265.jpg
images/Timofey_1_125.jpg
images/Timofey_new_1009.jpg
images/Nafisa_1_104.jpg
images/Artemii_1_189.jpg
images/Lev_3_192.jpg
images/Artemii_3_175.jpg
images/Timofey_new_112.jpg
images/New_889.jpg
images/Timofey_1_106.jpg
images/Nafisa_1_86.jpg
images/Lev_1_9.jpg
images/Lev_1_228.jpg
images/New_269.jpg
images/Artemii_new_915.jpg
images/Artemii_3_152.jpg
images/Timofey_new_444.jpg
images/Timofey_new_754.jpg
images/Timofey_3_1.jpg
images/New_520.jpg
images/Lev_1_227.jpg
images/Artemii_new_918.jpg
images/Timofey_new_491.jpg
images/42685a50-Protocols_136.jpg
images/MS_225.jpg
images/Artemii_3_80.jpg
images/Artemii_3_163.jpg
images/Nafisa_1_131.jpg
images/Nafisa_3_84.jpg
images/4fa54b76-Protocols_32.jpg
images/New_1185.jpg
images/New_103.jpg
images/2e3c766a-Bills_38.jpg
images/6155a0df-Protocols_141.jpg
images/Lev_3_14.jpg
images/New_32.jpg
images/Lev_3_164.jpg
images/Nafisa_1_178.jpg
images/Timofey_3_74.jpg
images/New_1000.jpg
images/Lev_3_111.jpg
images/Timofey_1_24.jpg
images/Timofey_1_238.jpg
images/Timofey_new_287.jpg
images/d1c3d756-Passports_99.jpg
images/New_505.jpg
images/New_801.jpg
images/Timofey_new_1243.jpg
images/Artemii_1_236.jpg
images/New_398.jpg
images/Artemii_1_214.jpg
images/Nafisa_1_120.jpg
images/Timofey_new_561.jpg
images/Artemii_3_191.jpg
images/Artemii_1_24.jpg
images/Artemii_new_1133.jpg
images/Lev_1_208.jpg
images/Artemii_1_68.jpg
images/59e5bff1-Diploms_70.jpg
images/Nafisa_3_227.jpg
images/Lev_3_152.jpg
images/Lev_3_64.jpg
images/Artemii_new_1222.jpg
images/Nafisa_3_73.jpg
images/Lev_3_32.jpg
images/Nafisa_1_164.jpg
images/Timofey_new_160.jpg
images/Artemii_1_157.jpg
images/Artemii_new_959.jpg
images/MS_36.jpg
images/Nafisa_1_137.jpg
images/New_1083.jpg
images/Artemii_new_1184.jpg
images/New_47.jpg
images/New_198.jpg
images/Artemii_3_62.jpg
images/Lev_3_251.jpg
images/e1f3ec36-MS_454.jpg
images/Artemii_3_207.jpg
images/Artemii_3_160.jpg
images/Lev_3_230.jpg
images/New_433.jpg
images/32a62dfe-MS_483.jpg
images/Artemii_new_957.jpg
images/Artemii_new_1202.jpg
images/Timofey_new_755.jpg
images/Timofey_1_185.jpg
images/Timofey_3_33.jpg
images/Artemii_new_1232.jpg
images/Artemii_1_204.jpg
images/Nafisa_1_38.jpg
images/Nafisa_1_129.jpg
images/MS_251.jpg
images/Timofey_1_230.jpg
images/Artemii_1_207.jpg
images/0015b980-Protocols_15.jpg
images/Timofey_1_41.jpg
images/Nafisa_3_3.jpg
images/Timofey_new_874.jpg
images/Timofey_new_629.jpg
images/c38bb589-Passports_59.jpg
images/Nafisa_3_166.jpg
images/Lev_1_202.jpg
images/Artemii_1_139.jpg
images/Artemii_3_126.jpg
images/Lev_3_22.jpg
images/Timofey_new_965.jpg
images/Timofey_1_108.jpg
images/Lev_1_246.jpg
images/Artemii_3_97.jpg
images/Artemii_new_977.jpg
images/New_256.jpg
images/Nafisa_1_100.jpg
images/Timofey_1_183.jpg
images/1f0b7b7a-Bills_4.jpg
images/Timofey_1_221.jpg
images/Nafisa_1_49.jpg
images/Timofey_new_1028.jpg
images/c3d483c3-Diploms_122.jpg
images/Artemii_new_1255.jpg
images/New_771.jpg
images/Artemii_new_1317.jpg
images/39ef8189-Passports_102.jpg
images/Timofey_1_47.jpg
images/Timofey_new_448.jpg
images/Timofey_new_243.jpg
images/Artemii_1_244.jpg
images/Nafisa_1_175.jpg
images/Artemii_new_1349.jpg
images/MS_139.jpg
images/Timofey_1_71.jpg
images/Timofey_new_1191.jpg
images/Lev_3_158.jpg
images/MS_222.jpg
images/Nafisa_1_243.jpg
images/Artemii_new_1308.jpg
images/Timofey_new_898.jpg
images/Artemii_new_835.jpg
images/Artemii_new_1163.jpg
images/Artemii_1_215.jpg
images/Artemii_new_935.jpg
images/Lev_1_144.jpg
images/Timofey_3_45.jpg
images/Artemii_new_864.jpg
images/Timofey_1_150.jpg
images/New_60.jpg
images/Artemii_1_117.jpg
images/Timofey_1_128.jpg
images/Nafisa_3_182.jpg
images/cff94c71-Passports_73.jpg
images/MS_112.jpg
images/New_226.jpg
images/Lev_1_120.jpg
images/Lev_3_169.jpg
images/Nafisa_1_17.jpg
images/Timofey_new_557.jpg
images/Artemii_new_965.jpg
images/Timofey_1_8.jpg
images/Lev_3_35.jpg
images/Timofey_new_1060.jpg
images/Nafisa_1_198.jpg
images/Artemii_new_1153.jpg
images/Timofey_new_266.jpg
images/Artemii_new_1122.jpg
images/Artemii_1_93.jpg
images/Artemii_1_62.jpg
images/Lev_3_253.jpg
images/b4f42fe5-Bills_39.jpg
images/New_460.jpg
images/Timofey_3_180.jpg
images/Nafisa_3_124.jpg
images/Timofey_1_178.jpg
images/4ed01df0-Protocols_166.jpg
images/Timofey_3_130.jpg
images/Timofey_new_993.jpg
images/Timofey_new_790.jpg
images/Artemii_new_964.jpg
images/Timofey_1_61.jpg
images/Nafisa_1_241.jpg
images/Timofey_1_5.jpg
images/cb2671d7-Diploms_182.jpg
images/0b2e4c14-Passports_133.jpg
images/Artemii_new_1082.jpg
images/Timofey_new_1175.jpg
images/MS_71.jpg
images/Nafisa_1_170.jpg
images/Timofey_3_131.jpg
images/Timofey_new_1346.jpg
images/Artemii_new_1107.jpg
images/Timofey_new_257.jpg
images/Timofey_3_73.jpg
images/Artemii_new_913.jpg
images/Timofey_new_398.jpg
images/Lev_3_240.jpg
images/Nafisa_3_149.jpg
images/MS_155.jpg
images/Artemii_new_931.jpg
images/Nafisa_3_192.jpg
images/Artemii_new_1176.jpg
images/Timofey_3_226.jpg
images/Timofey_new_1165.jpg
images/Artemii_new_1190.jpg
images/Timofey_1_44.jpg
images/New_1133.jpg
images/New_318.jpg
images/Artemii_1_183.jpg
images/Nafisa_3_63.jpg
images/f3366ba7-MS_617.jpg
images/Nafisa_1_25.jpg
images/New_525.jpg
images/62d197e8-Bills_46.jpg
images/Timofey_new_1330.jpg
images/Timofey_new_283.jpg
images/Timofey_new_766.jpg
images/Lev_1_39.jpg
images/Artemii_new_870.jpg
images/New_934.jpg
images/Artemii_3_211.jpg
images/Artemii_1_87.jpg
images/Timofey_3_84.jpg
images/Artemii_new_991.jpg
images/8a3de980-Protocols_118.jpg
images/Timofey_3_246.jpg
images/Artemii_new_975.jpg
images/Artemii_3_78.jpg
images/Lev_1_34.jpg
images/Timofey_1_206.jpg
images/Artemii_1_61.jpg
images/6b13733b-Protocols_61.jpg
images/4787a651-Passports_137.jpg
images/2c4a728c-Tribunal_117.jpg
images/Artemii_new_1254.jpg
images/Artemii_new_1226.jpg
images/New_1142.jpg
images/Timofey_1_50.jpg
images/9c946583-Tribunal_165.jpg
images/Artemii_1_156.jpg
images/d9ae5365-MS_630.jpg
images/Timofey_3_2.jpg
images/9cf459c0-MS_382.jpg
images/Timofey_1_39.jpg
images/Timofey_new_1203.jpg
images/Nafisa_3_230.jpg
images/Timofey_1_134.jpg
images/Nafisa_1_106.jpg
images/Lev_3_235.jpg
images/Timofey_3_78.jpg
images/Timofey_3_136.jpg
images/26b5d21c-Tribunal_21.jpg
images/Lev_1_197.jpg
images/Timofey_3_79.jpg
images/New_62.jpg
images/Lev_1_27.jpg
images/Timofey_new_364.jpg
images/Artemii_1_166.jpg
images/Nafisa_1_16.jpg
images/Lev_1_36.jpg
images/Timofey_1_227.jpg
images/Timofey_new_1068.jpg
images/Artemii_new_851.jpg
images/New_313.jpg
images/New_499.jpg
images/Artemii_3_229.jpg
images/Timofey_new_226.jpg
images/Timofey_new_1293.jpg
images/Timofey_new_158.jpg
images/13c34350-Bills_71.jpg
images/Artemii_new_982.jpg
images/New_215.jpg
images/New_895.jpg
images/Artemii_new_1057.jpg
images/Timofey_new_995.jpg
images/Artemii_1_35.jpg
images/Lev_3_117.jpg
images/dfbec922-MS_462.jpg
images/MS_152.jpg
images/8d9f4cb1-Bills_223.jpg
images/New_386.jpg
images/Artemii_new_996.jpg
images/Timofey_new_1241.jpg
images/Nafisa_3_13.jpg
images/Timofey_3_189.jpg
images/Timofey_new_46.jpg
images/Nafisa_3_89.jpg
images/Artemii_1_9.jpg
images/New_1064.jpg
images/4c0f29c6-Bills_282.jpg
images/New_307.jpg
images/Artemii_1_173.jpg
images/Timofey_3_94.jpg
images/Artemii_new_1252.jpg
images/New_274.jpg
images/MS_2.jpg
images/Artemii_new_1060.jpg
images/Artemii_new_1224.jpg
images/Lev_3_110.jpg
images/New_666.jpg
images/New_295.jpg
images/Nafisa_3_254.jpg
images/Nafisa_1_212.jpg
images/Artemii_new_1016.jpg
images/9f9e1e32-MS_400.jpg
images/Timofey_new_306.jpg
images/Timofey_new_182.jpg
images/Timofey_new_1323.jpg
images/New_622.jpg
images/New_993.jpg
images/Lev_1_84.jpg
images/Artemii_new_1267.jpg
images/Artemii_new_1156.jpg
images/Nafisa_1_199.jpg
images/Artemii_new_1013.jpg
images/Timofey_3_14.jpg
images/New_1131.jpg
images/Timofey_new_739.jpg
images/4148bc10-Bills_202.jpg
images/42b86caf-Protocols_142.jpg
images/Lev_1_166.jpg
images/54213ed3-MS_375.jpg
images/Lev_3_113.jpg
images/4ad1c7c9-MS_383.jpg
images/Nafisa_3_159.jpg
images/Timofey_new_410.jpg
images/Artemii_new_1009.jpg
images/b8ad288a-MS_381.jpg
images/Timofey_1_62.jpg
images/Timofey_new_451.jpg
images/ebc43cfc-MS_516.jpg
images/Artemii_new_850.jpg
images/New_627.jpg
images/New_438.jpg
images/Artemii_new_924.jpg
images/Artemii_new_849.jpg
images/Artemii_3_192.jpg
images/Artemii_new_1014.jpg
images/New_1180.jpg
images/Artemii_3_247.jpg
images/New_99.jpg
images/Nafisa_1_169.jpg
images/New_1082.jpg
images/4fd6f2bd-MS_390.jpg
images/Lev_1_161.jpg
images/Nafisa_1_133.jpg
images/Nafisa_1_99.jpg
images/Timofey_new_1260.jpg
images/MS_202.jpg
images/Nafisa_1_93.jpg
images/2740767e-Bills_197.jpg
images/Artemii_1_143.jpg
images/Timofey_new_1289.jpg
images/Artemii_new_1128.jpg
images/dcd4e500-Diploms_47.jpg
images/Nafisa_1_151.jpg
images/Nafisa_3_176.jpg
images/Nafisa_1_172.jpg
images/Timofey_3_181.jpg
images/c61f5036-Diploms_111.jpg
images/Timofey_new_1069.jpg
images/Nafisa_3_171.jpg
images/a447bff5-Passports_149.jpg
images/New_929.jpg
images/Timofey_3_228.jpg
images/Timofey_new_1237.jpg
images/Artemii_new_877.jpg
images/MS_154.jpg
images/Artemii_1_206.jpg
images/Timofey_new_1121.jpg
images/New_562.jpg
images/New_948.jpg
images/New_767.jpg
images/Timofey_new_228.jpg
images/Nafisa_1_146.jpg
images/Artemii_1_17.jpg
images/Artemii_3_72.jpg
images/Nafisa_3_65.jpg
images/Timofey_new_943.jpg
images/New_492.jpg
images/411da575-Bills_66.jpg
images/Timofey_1_40.jpg
images/Lev_1_107.jpg
images/Lev_1_3.jpg
images/Timofey_new_33.jpg
images/Artemii_1_47.jpg
images/Timofey_1_102.jpg
images/New_1087.jpg
images/40890893-Protocols_147.jpg
images/Lev_3_93.jpg
images/New_678.jpg
images/New_360.jpg
images/New_673.jpg
images/c58d21d8-Diploms_43.jpg
images/283e1f7e-MS_363.jpg
images/Nafisa_1_182.jpg
images/New_677.jpg
images/Nafisa_3_232.jpg
images/6971277f-Diploms_91.jpg
images/a42ebcf9-Passports_107.jpg
images/Lev_1_154.jpg
images/Lev_1_61.jpg
images/New_651.jpg
images/Timofey_1_91.jpg
images/Timofey_3_220.jpg
images/New_1192.jpg
images/Lev_3_179.jpg
images/Timofey_new_1147.jpg
images/Nafisa_1_14.jpg
images/New_104.jpg
images/Artemii_1_212.jpg
images/Timofey_3_89.jpg
images/Lev_1_201.jpg
images/Lev_1_194.jpg
images/Timofey_3_17.jpg
images/Timofey_3_242.jpg
images/Timofey_1_168.jpg
images/Artemii_new_1214.jpg
images/8d1c74aa-Protocols_30.jpg
images/Timofey_new_387.jpg
images/Timofey_1_156.jpg
images/Timofey_new_888.jpg
images/Timofey_new_31.jpg
images/Nafisa_1_159.jpg
images/Artemii_new_808.jpg
images/Nafisa_1_230.jpg
images/Nafisa_1_13.jpg
images/New_475.jpg
images/Artemii_1_120.jpg
images/35e3d9b1-MS_570.jpg
images/Nafisa_3_139.jpg
images/Timofey_new_713.jpg
images/b4aad21c-Bills_97.jpg
images/Artemii_3_147.jpg
images/32a191e5-Bills_94.jpg
images/Nafisa_1_205.jpg
images/Artemii_new_914.jpg
images/Artemii_new_1152.jpg
images/Artemii_new_821.jpg
images/Artemii_new_984.jpg
images/Timofey_3_225.jpg
images/Artemii_1_246.jpg
images/Timofey_new_692.jpg
images/Lev_3_118.jpg
images/Nafisa_3_96.jpg
images/Timofey_3_156.jpg
images/Artemii_new_917.jpg
images/Lev_1_26.jpg
images/f2bfcf30-Protocols_42.jpg
images/Nafisa_3_231.jpg
images/Artemii_new_1273.jpg
images/Nafisa_1_31.jpg
images/426d4f7c-Bills_115.jpg
images/New_131.jpg
images/Artemii_1_7.jpg
images/Lev_3_150.jpg
images/Lev_1_111.jpg
images/fbbb6183-Bills_246.jpg
images/Timofey_new_1151.jpg
images/Timofey_1_17.jpg
images/Artemii_new_1047.jpg
images/New_927.jpg
images/Artemii_3_66.jpg
images/Timofey_new_81.jpg
images/Artemii_1_219.jpg
images/Artemii_new_1138.jpg
images/Timofey_1_83.jpg
images/Artemii_3_121.jpg
images/Timofey_3_57.jpg
images/Timofey_new_952.jpg
images/Lev_3_43.jpg
images/Timofey_1_42.jpg
images/Artemii_1_66.jpg
images/Timofey_new_1344.jpg
images/Artemii_new_966.jpg
images/New_126.jpg
images/Artemii_3_3.jpg
images/Timofey_3_143.jpg
images/Lev_3_75.jpg
images/Nafisa_1_80.jpg
images/c6949131-MS_469.jpg
images/Timofey_3_105.jpg
images/Timofey_new_1227.jpg
images/9a2bb6b2-Protocols_26.jpg
images/Artemii_1_210.jpg
images/Lev_1_176.jpg
images/Timofey_new_1305.jpg
images/Nafisa_1_43.jpg
images/Artemii_3_202.jpg
images/Lev_1_98.jpg
images/Artemii_1_78.jpg
images/Artemii_new_1346.jpg
images/Artemii_new_1056.jpg
images/Artemii_3_141.jpg
images/Artemii_new_1134.jpg
images/New_676.jpg
images/Timofey_3_22.jpg
images/Artemii_new_1263.jpg
images/New_797.jpg
images/Artemii_1_208.jpg
images/Timofey_3_69.jpg
images/cb49ea78-Diploms_100.jpg
images/Nafisa_1_128.jpg
images/c66315ea-Tribunal_45.jpg
images/Nafisa_1_206.jpg
images/Timofey_1_74.jpg
images/7f3361a0-Protocols_43.jpg
images/e1a10542-MS_642.jpg
images/Timofey_new_911.jpg
images/adf0ed26-Protocols_40.jpg
images/d712936d-Diploms_72.jpg
images/Artemii_3_91.jpg
images/98456d27-MS_514.jpg
images/New_664.jpg
images/Nafisa_1_185.jpg
images/Artemii_1_172.jpg
images/Timofey_3_82.jpg
images/Timofey_1_184.jpg
images/Artemii_new_871.jpg
images/Timofey_new_681.jpg
images/Artemii_new_1336.jpg
images/78c7ea42-Bills_253.jpg
images/New_470.jpg
images/ad892aed-Bills_212.jpg
images/Nafisa_1_186.jpg
images/Timofey_1_172.jpg
images/New_487.jpg
images/New_815.jpg
images/Artemii_new_920.jpg
images/Lev_1_216.jpg
images/Lev_3_104.jpg
images/Artemii_3_128.jpg
images/Timofey_3_108.jpg
images/bb115f9c-Passports_34.jpg
images/Timofey_new_1326.jpg
images/0c42eff1-Bills_207.jpg
images/Artemii_1_92.jpg
images/Lev_3_6.jpg
images/New_1036.jpg
images/Artemii_3_210.jpg
images/Artemii_new_899.jpg
images/Nafisa_1_37.jpg
images/1e924129-Bills_288.jpg
images/0ed2919d-Diploms_165.jpg
images/0172a646-Bills_87.jpg
images/Lev_1_241.jpg
images/New_1124.jpg
images/7217f410-MS_419.jpg
images/d2cf74f1-Diploms_24.jpg
images/New_136.jpg
images/New_846.jpg
images/Lev_3_92.jpg
images/Lev_3_105.jpg
images/New_442.jpg
images/Timofey_new_1340.jpg
images/Timofey_new_891.jpg
images/Lev_1_224.jpg
images/d16f7b65-Diploms_196.jpg
images/New_348.jpg
images/Nafisa_1_203.jpg
images/Nafisa_3_59.jpg
images/Artemii_new_922.jpg
images/Timofey_new_464.jpg
images/Timofey_3_51.jpg
images/Timofey_3_254.jpg
images/Timofey_new_864.jpg
images/Lev_3_24.jpg
images/Timofey_1_112.jpg
images/Lev_1_73.jpg
images/Lev_1_42.jpg
images/Nafisa_3_38.jpg
images/Lev_3_44.jpg
images/Artemii_1_171.jpg
images/Lev_1_133.jpg
images/Artemii_3_153.jpg
images/Lev_1_100.jpg
images/Lev_1_196.jpg
images/Artemii_1_41.jpg
images/09eb1d7a-Bills_53.jpg
images/Nafisa_3_24.jpg
images/Artemii_new_1119.jpg
images/Lev_3_156.jpg
images/Artemii_1_84.jpg
images/Artemii_new_930.jpg
images/b06a12b2-Protocols_59.jpg
images/Artemii_new_1085.jpg
images/New_529.jpg
images/Artemii_3_99.jpg
images/Artemii_1_100.jpg
images/Timofey_1_233.jpg
images/Lev_1_49.jpg
images/Timofey_new_170.jpg
images/Artemii_new_1328.jpg
images/Lev_3_68.jpg
images/Lev_1_82.jpg
images/Artemii_1_126.jpg
images/Nafisa_3_184.jpg
images/New_979.jpg
images/c8fa92d7-MS_658.jpg
images/20836d8a-Bills_291.jpg
images/Timofey_new_193.jpg
images/Artemii_1_165.jpg
images/Timofey_new_1257.jpg
images/Timofey_new_32.jpg
images/Nafisa_1_70.jpg
images/Lev_3_67.jpg
images/New_413.jpg
images/Timofey_new_265.jpg
images/MS_300.jpg
images/037a321e-MS_683.jpg
images/Nafisa_3_197.jpg
images/Nafisa_3_222.jpg
images/Timofey_1_43.jpg
images/Timofey_1_226.jpg
images/Timofey_new_842.jpg
images/Lev_1_62.jpg
images/New_952.jpg
images/Artemii_new_880.jpg
images/Artemii_1_203.jpg
images/Timofey_new_1304.jpg
images/Artemii_new_1020.jpg
images/bb3c5aec-Protocols_132.jpg
images/Timofey_3_132.jpg
images/Artemii_1_88.jpg
images/098967a2-Passports_88.jpg
images/c04254ea-Passports_147.jpg
images/Nafisa_1_4.jpg
images/Artemii_new_1270.jpg
images/New_943.jpg
images/Nafisa_1_64.jpg
images/Timofey_new_344.jpg
images/Timofey_1_26.jpg
images/New_814.jpg
images/Artemii_3_155.jpg
images/Lev_3_145.jpg
images/e86a19f1-Diploms_150.jpg
images/Timofey_3_62.jpg
images/Lev_3_82.jpg
images/Timofey_3_48.jpg
images/Timofey_new_255.jpg
images/New_1055.jpg
images/cfc4b760-Protocols_105.jpg
images/Artemii_3_227.jpg
images/New_263.jpg
images/Artemii_new_978.jpg
images/New_1059.jpg
images/Timofey_new_1124.jpg
images/0c905ae3-Passports_140.jpg
images/New_395.jpg
images/New_467.jpg
images/Artemii_new_886.jpg
images/7ef9cc2b-Bills_205.jpg
images/Lev_3_248.jpg
images/Artemii_new_1185.jpg
images/Artemii_1_167.jpg
images/Timofey_3_64.jpg
images/Artemii_new_958.jpg
images/New_1177.jpg
images/New_957.jpg
images/Artemii_new_1199.jpg
images/Timofey_3_39.jpg
images/Nafisa_1_220.jpg
images/Timofey_1_11.jpg
images/Timofey_new_1061.jpg
images/d30ad035-Passports_10.jpg
images/b2561840-Bills_26.jpg
images/Timofey_3_177.jpg
images/Timofey_3_140.jpg
images/Timofey_new_924.jpg
images/New_1016.jpg
images/Timofey_new_169.jpg
images/8ab80a41-Bills_89.jpg
images/3900b087-MS_637.jpg
images/Nafisa_3_141.jpg
images/Timofey_new_1210.jpg
images/Timofey_new_859.jpg
images/Timofey_new_317.jpg
images/Nafisa_1_247.jpg
images/Timofey_new_901.jpg
images/MS_282.jpg
images/Artemii_new_1076.jpg
images/Lev_3_39.jpg
images/Artemii_new_1115.jpg
images/Lev_1_233.jpg
images/New_761.jpg
images/Timofey_3_25.jpg
images/Timofey_new_199.jpg
images/Artemii_new_1091.jpg
images/Nafisa_3_179.jpg
images/Artemii_new_998.jpg
images/Artemii_3_197.jpg
images/Lev_3_160.jpg
images/Timofey_new_910.jpg
images/Lev_3_84.jpg
images/Artemii_new_1038.jpg
images/9232cff3-MS_368.jpg
images/bbcf54dd-Diploms_7.jpg
images/New_691.jpg
images/017779f4-Passports_46.jpg
images/Timofey_new_647.jpg
images/88a7f2cb-Protocols_25.jpg
images/Lev_3_193.jpg
images/New_888.jpg
images/Timofey_1_66.jpg
images/Artemii_new_1172.jpg
images/Artemii_3_170.jpg
images/Timofey_new_776.jpg
images/Artemii_3_129.jpg
images/7f3c8de0-Bills_143.jpg
images/Artemii_new_1126.jpg
images/New_1132.jpg
images/Timofey_new_1066.jpg
images/03c1cfc3-MS_392.jpg
images/Timofey_1_241.jpg
images/e8f9513d-Bills_183.jpg
images/Artemii_1_16.jpg
images/Nafisa_1_97.jpg
images/Artemii_new_1158.jpg
images/Lev_3_72.jpg
images/Timofey_new_328.jpg
images/Timofey_1_34.jpg
images/1cbed739-Passports_53.jpg
images/Timofey_1_96.jpg
images/c60269b5-Passports_143.jpg
images/a4457733-Passports_87.jpg
images/Timofey_1_29.jpg
images/Artemii_new_892.jpg
images/Artemii_new_861.jpg
images/Artemii_new_1035.jpg
images/Nafisa_3_4.jpg
images/New_964.jpg
images/Artemii_3_95.jpg
images/Artemii_1_191.jpg
images/Lev_3_112.jpg
images/Artemii_new_1216.jpg
images/Timofey_new_436.jpg
images/Artemii_new_1043.jpg
images/Timofey_1_214.jpg
images/1a91ddae-Tribunal_13.jpg
images/Artemii_new_1121.jpg
images/Lev_1_146.jpg
images/Timofey_1_232.jpg
images/Timofey_3_214.jpg
images/c65f7a14-Diploms_132.jpg
images/Timofey_3_5.jpg
images/Artemii_3_71.jpg
images/Timofey_1_36.jpg
images/Lev_3_205.jpg
images/Timofey_1_157.jpg
images/Timofey_3_9.jpg
images/f8352fe0-Passports_83.jpg
images/New_95.jpg
images/Artemii_1_26.jpg
images/c0038c3e-Bills_219.jpg
images/Lev_3_222.jpg
images/Timofey_new_461.jpg
images/Artemii_1_186.jpg
images/3261a8c6-Bills_296.jpg
images/Artemii_1_19.jpg
images/a5378bd7-Protocols_20.jpg
images/Lev_1_69.jpg
images/Artemii_new_1305.jpg
images/06bd93d5-Diploms_76.jpg
images/New_611.jpg
images/Timofey_1_51.jpg
images/Timofey_new_636.jpg
images/Timofey_3_139.jpg
images/Nafisa_1_48.jpg
images/Timofey_new_412.jpg
images/New_1101.jpg
images/Nafisa_1_191.jpg
images/Lev_1_155.jpg
images/Artemii_new_1245.jpg
images/Timofey_new_1341.jpg
images/5edb4416-Bills_69.jpg
images/New_1203.jpg
images/Artemii_new_1204.jpg
images/Nafisa_3_102.jpg
images/Timofey_3_97.jpg
images/Artemii_1_76.jpg
images/Artemii_new_1052.jpg
images/Nafisa_1_34.jpg
images/Artemii_new_1079.jpg
images/7d64220c-Bills_167.jpg
images/Nafisa_1_102.jpg
images/Nafisa_3_7.jpg
images/Timofey_new_135.jpg
images/1b339fce-Bills_169.jpg
images/Timofey_new_1369.jpg
images/Artemii_1_147.jpg
images/Lev_1_7.jpg
images/Artemii_new_1046.jpg
images/Nafisa_3_142.jpg
images/Timofey_new_1035.jpg
images/Artemii_new_1256.jpg
images/Timofey_new_1138.jpg
images/Artemii_3_12.jpg
images/Artemii_3_52.jpg
images/New_819.jpg
images/Nafisa_3_69.jpg
images/Timofey_1_222.jpg
images/be40f023-MS_565.jpg
images/Timofey_3_87.jpg
images/Timofey_3_188.jpg
images/Timofey_new_1050.jpg
images/Artemii_new_1044.jpg
images/Artemii_new_933.jpg
images/b9f526c5-Protocols_192.jpg
images/Artemii_new_1323.jpg
images/New_860.jpg
images/8ec404fa-Protocols_123.jpg
images/Artemii_3_214.jpg
images/Timofey_new_735.jpg
images/Nafisa_3_173.jpg
images/Artemii_new_872.jpg
images/New_876.jpg
images/db671274-Passports_79.jpg
images/Nafisa_3_44.jpg
images/MS_136.jpg
images/Lev_1_110.jpg
images/06bf40fc-Protocols_149.jpg
images/Artemii_new_1051.jpg
images/New_197.jpg
images/New_170.jpg
images/Timofey_1_60.jpg
images/Nafisa_1_20.jpg
images/Timofey_3_252.jpg
images/Lev_3_200.jpg
images/Nafisa_1_224.jpg
images/2c7837a2-Diploms_94.jpg
images/Nafisa_3_52.jpg
images/Timofey_new_361.jpg
images/Lev_3_40.jpg
images/New_540.jpg
images/Timofey_1_20.jpg
images/Lev_3_184.jpg
images/b95309f1-Passports_144.jpg
images/Timofey_3_53.jpg
images/Lev_3_87.jpg
images/0b4ae580-MS_592.jpg
images/Timofey_1_124.jpg
images/Timofey_new_745.jpg
images/Timofey_1_72.jpg
images/Timofey_new_1214.jpg
images/New_1210.jpg
images/Artemii_new_1142.jpg
images/Nafisa_3_125.jpg
images/Nafisa_1_216.jpg
images/Lev_1_207.jpg
images/Lev_3_146.jpg
images/Lev_1_141.jpg
images/Artemii_3_239.jpg
images/0efb7d29-MS_676.jpg
images/Nafisa_3_21.jpg
images/Artemii_new_1293.jpg
images/Timofey_new_237.jpg
images/Artemii_new_882.jpg
images/Artemii_new_1067.jpg
images/Timofey_new_432.jpg
images/Lev_3_98.jpg
images/fc0d3e68-Passports_81.jpg
images/Artemii_new_919.jpg
images/MS_271.jpg
images/New_775.jpg
images/Timofey_1_190.jpg
images/Artemii_1_182.jpg
images/Nafisa_1_76.jpg
images/Lev_3_155.jpg
images/Timofey_new_452.jpg
images/Nafisa_3_209.jpg
images/Timofey_new_320.jpg
images/Timofey_1_236.jpg
images/a6291e9d-Diploms_79.jpg
images/Nafisa_3_248.jpg
images/New_1109.jpg
images/Timofey_1_195.jpg
images/Nafisa_1_32.jpg
images/New_1057.jpg
images/Artemii_3_144.jpg
images/Timofey_new_297.jpg
images/Artemii_3_174.jpg
images/Artemii_new_1228.jpg
images/Artemii_new_1058.jpg
images/Nafisa_1_240.jpg
images/Artemii_3_115.jpg
images/Artemii_new_1295.jpg
images/New_514.jpg
images/Artemii_1_131.jpg
images/a4e425a3-MS_384.jpg
images/Lev_3_10.jpg
images/952b2407-Protocols_101.jpg
images/Nafisa_3_23.jpg
images/Timofey_new_716.jpg
images/MS_126.jpg
images/44b22709-Protocols_183.jpg
images/Lev_3_175.jpg
images/Timofey_1_229.jpg
images/Artemii_new_1209.jpg
images/Timofey_new_539.jpg
images/Artemii_new_831.jpg
images/Timofey_1_22.jpg
images/Lev_3_4.jpg
images/MS_137.jpg
images/Timofey_new_1268.jpg
images/Artemii_new_1170.jpg
images/Artemii_new_1068.jpg
images/New_559.jpg
images/Artemii_new_891.jpg
images/bd0c2c23-Diploms_58.jpg
images/Timofey_new_96.jpg
images/Timofey_1_193.jpg
images/Timofey_3_203.jpg
images/Timofey_new_1312.jpg
images/Nafisa_3_66.jpg
images/Lev_3_177.jpg
images/New_257.jpg
images/Artemii_3_21.jpg
images/Timofey_3_183.jpg
images/Timofey_3_243.jpg
images/Timofey_3_114.jpg
images/Timofey_1_30.jpg
images/Artemii_new_1149.jpg
images/Artemii_3_248.jpg
images/Lev_1_178.jpg
images/Lev_3_247.jpg
images/Artemii_1_25.jpg
images/Nafisa_1_121.jpg
images/New_521.jpg
images/New_578.jpg
images/Artemii_new_1342.jpg
images/Timofey_3_222.jpg
images/Artemii_3_231.jpg
images/MS_213.jpg
images/Nafisa_1_29.jpg
images/New_849.jpg
images/Artemii_new_1289.jpg
images/Timofey_1_114.jpg
images/Artemii_new_1345.jpg
images/New_680.jpg
images/Artemii_1_247.jpg
images/Artemii_new_1010.jpg
images/Timofey_3_42.jpg
images/003312ac-Tribunal_66.jpg
images/Artemii_1_128.jpg
images/Artemii_1_149.jpg
images/Artemii_new_1251.jpg
images/Artemii_new_1110.jpg
images/New_744.jpg
images/Timofey_new_955.jpg
images/Timofey_new_1368.jpg
images/Artemii_new_1169.jpg
images/Lev_1_229.jpg
images/Lev_3_237.jpg
images/New_114.jpg
images/Lev_3_86.jpg
images/New_605.jpg
images/943ae267-Bills_232.jpg
images/Artemii_new_832.jpg
images/Lev_3_259.jpg
images/bfd80fcc-Bills_3.jpg
images/Artemii_new_834.jpg
images/Artemii_new_859.jpg
images/Artemii_1_169.jpg
images/Artemii_new_1097.jpg
images/Artemii_3_256.jpg
images/Timofey_new_1240.jpg
images/Artemii_new_1072.jpg
images/Timofey_new_843.jpg
images/Artemii_1_234.jpg
images/9fa0c722-Bills_136.jpg
images/Timofey_1_119.jpg
images/Artemii_new_912.jpg
images/Lev_1_130.jpg
images/Timofey_new_567.jpg
images/New_1085.jpg
images/Timofey_3_118.jpg
images/New_473.jpg
images/Artemii_3_1.jpg
images/Nafisa_1_177.jpg
images/Artemii_3_148.jpg
images/Lev_1_38.jpg
images/Artemii_new_972.jpg
images/Artemii_new_908.jpg
images/New_153.jpg
images/Lev_3_147.jpg
images/Lev_1_115.jpg
images/Artemii_1_148.jpg
images/MS_134.jpg
images/Artemii_1_196.jpg
images/Timofey_new_45.jpg
images/Artemii_1_160.jpg
images/Timofey_3_19.jpg
images/New_891.jpg
images/46de459b-Bills_272.jpg
images/Lev_3_157.jpg
images/Timofey_3_80.jpg
images/New_517.jpg
images/Timofey_1_146.jpg
images/Timofey_1_79.jpg
images/Lev_1_21.jpg
images/cdad036c-Diploms_142.jpg
images/Artemii_new_1292.jpg
images/70f88e4f-Passports_122.jpg
images/MS_183.jpg
images/Artemii_1_111.jpg
images/Artemii_1_184.jpg
images/New_397.jpg
images/New_423.jpg
images/Nafisa_3_194.jpg
images/Timofey_new_1347.jpg
images/c2bdd306-Bills_18.jpg
images/New_403.jpg
images/New_592.jpg
images/Lev_3_17.jpg
images/Artemii_1_195.jpg
images/Lev_3_27.jpg
images/MS_44.jpg
images/Lev_1_129.jpg
images/Timofey_new_807.jpg
images/Artemii_new_816.jpg
images/MS_206.jpg
images/Lev_3_221.jpg
images/Lev_1_183.jpg
images/Timofey_new_351.jpg
images/New_208.jpg
images/Nafisa_3_12.jpg
images/Lev_3_151.jpg
images/07415101-Tribunal_135.jpg
images/Nafisa_1_11.jpg
images/Nafisa_1_7.jpg
images/07ad4a73-Passports_54.jpg
images/New_141.jpg
images/Timofey_new_348.jpg
images/Nafisa_1_227.jpg
images/New_842.jpg
images/4a643617-Bills_14.jpg
images/Timofey_new_91.jpg
images/Artemii_new_1175.jpg
images/Artemii_3_204.jpg
images/Artemii_new_1063.jpg
images/Nafisa_1_27.jpg
images/Lev_1_64.jpg
images/Nafisa_1_246.jpg
images/Nafisa_3_75.jpg
images/f3ca3c57-MS_466.jpg
images/New_856.jpg
images/Artemii_1_1.jpg
images/Nafisa_1_114.jpg
images/Artemii_1_12.jpg
images/Artemii_new_1031.jpg
images/Nafisa_3_103.jpg
images/Artemii_3_167.jpg
images/dae61674-MS_482.jpg
images/Timofey_new_1212.jpg
images/Timofey_1_189.jpg
images/Timofey_3_171.jpg
images/Lev_1_219.jpg
images/Lev_3_126.jpg
images/Nafisa_3_262.jpg
images/Lev_1_106.jpg
images/Timofey_3_63.jpg
images/Artemii_new_1297.jpg
images/MS_105.jpg
images/Timofey_1_65.jpg
images/Artemii_new_1275.jpg
images/Nafisa_3_33.jpg
images/Lev_1_72.jpg
images/Timofey_1_212.jpg
images/Lev_3_108.jpg
images/Timofey_new_920.jpg
images/Timofey_new_1261.jpg
images/Lev_3_190.jpg
images/9c622a14-Bills_5.jpg
images/4811d34f-Passports_11.jpg
images/Timofey_new_1030.jpg
images/b1eab51f-Diploms_96.jpg
images/Artemii_new_858.jpg
images/New_698.jpg
images/Artemii_new_1151.jpg
images/Artemii_new_901.jpg
images/847ffffc-Passports_36.jpg
images/Timofey_new_312.jpg
images/Timofey_1_77.jpg
images/Artemii_1_79.jpg
images/Nafisa_1_161.jpg
images/New_93.jpg
images/7af15ce1-MS_394.jpg
images/Timofey_1_107.jpg
images/Timofey_new_761.jpg
images/49ba64fe-Protocols_80.jpg
images/Lev_1_137.jpg
images/Nafisa_1_119.jpg
images/Artemii_new_1208.jpg
images/Artemii_1_10.jpg
images/56d22738-Tribunal_192.jpg
images/c6f683ec-Bills_133.jpg
images/Nafisa_3_2.jpg
images/Artemii_1_55.jpg
images/e1c5684c-Tribunal_42.jpg
images/Timofey_3_160.jpg
images/Artemii_new_1141.jpg
images/Artemii_new_1299.jpg
images/MS_311.jpg
images/Artemii_new_1094.jpg
images/Nafisa_1_62.jpg
images/Nafisa_1_235.jpg
images/Timofey_1_116.jpg
images/Artemii_1_31.jpg
images/New_130.jpg
images/Nafisa_1_79.jpg
images/Artemii_3_198.jpg
images/Timofey_1_122.jpg
images/3da53d6f-Protocols_3.jpg
images/New_807.jpg
images/Nafisa_1_68.jpg
images/Timofey_new_1156.jpg
images/Nafisa_3_39.jpg
images/1921ab3f-Bills_13.jpg
images/New_619.jpg
images/Lev_1_94.jpg
images/29254bb2-MS_559.jpg
images/Timofey_3_142.jpg
images/Artemii_3_46.jpg
images/Timofey_new_592.jpg
images/Timofey_1_161.jpg
images/Timofey_3_217.jpg
images/New_996.jpg
images/Lev_1_87.jpg
images/New_762.jpg
images/Timofey_3_151.jpg
images/New_841.jpg
images/Timofey_1_242.jpg
images/Timofey_new_606.jpg
images/Artemii_new_994.jpg
images/Lev_1_23.jpg
images/New_598.jpg
images/Timofey_new_1217.jpg
images/Artemii_new_852.jpg
images/New_128.jpg
images/Lev_3_136.jpg
images/b2ccd58f-Diploms_104.jpg
images/Artemii_new_1332.jpg
images/fd216be9-MS_434.jpg
images/Lev_3_231.jpg
images/Nafisa_1_194.jpg
images/5a37a668-MS_433.jpg
images/Lev_3_194.jpg
images/New_162.jpg
images/39cea59f-Passports_141.jpg
images/Nafisa_1_18.jpg
images/New_311.jpg
images/Timofey_new_548.jpg
images/cd6dc0a9-Passports_125.jpg
images/Timofey_1_57.jpg
images/MS_188.jpg
images/f89dda5e-Passports_109.jpg
images/Timofey_new_717.jpg
images/New_135.jpg
images/Lev_3_163.jpg
images/Artemii_new_1003.jpg
images/02a2b2d7-Protocols_150.jpg
images/fa6e8ce9-Protocols_189.jpg
images/Artemii_new_986.jpg
images/MS_158.jpg
images/New_463.jpg
images/Lev_1_76.jpg
images/New_864.jpg
images/MS_115.jpg
images/Artemii_new_910.jpg
images/Timofey_new_1134.jpg
images/Lev_1_195.jpg
images/c35d9134-Protocols_193.jpg
images/Artemii_3_162.jpg
images/New_991.jpg
images/Artemii_new_938.jpg
images/bfbede31-Diploms_44.jpg
images/7bec6e31-Tribunal_91.jpg
images/Timofey_new_2.jpg
images/Timofey_new_418.jpg
images/Artemii_new_1309.jpg
images/New_315.jpg
images/Timofey_new_1120.jpg
images/Lev_1_48.jpg
images/e47412f2-MS_387.jpg
images/Nafisa_1_94.jpg
images/Artemii_1_221.jpg
images/New_928.jpg
images/Lev_1_109.jpg
images/7339ceff-MS_468.jpg
images/Artemii_1_248.jpg
images/New_466.jpg
images/9683bbfc-Diploms_192.jpg
images/New_960.jpg
images/New_1141.jpg
images/Artemii_3_212.jpg
images/Artemii_new_1030.jpg
images/Nafisa_1_40.jpg
images/Lev_3_196.jpg
images/Timofey_new_558.jpg
images/a71775b9-MS_464.jpg
images/769fb73e-Passports_55.jpg
images/1f03e73b-MS_574.jpg
images/Timofey_1_194.jpg
images/Timofey_new_1333.jpg
images/33420013-Tribunal_71.jpg
images/Nafisa_3_257.jpg
images/b25160b6-MS_396.jpg
images/Artemii_1_71.jpg
images/Artemii_3_157.jpg
images/Artemii_1_127.jpg
images/Nafisa_1_237.jpg
images/Artemii_1_57.jpg
images/Artemii_new_1017.jpg
images/Artemii_1_119.jpg
images/Lev_1_117.jpg
images/10d87a3b-Passports_90.jpg
images/New_272.jpg
images/Timofey_new_1079.jpg
images/Timofey_new_752.jpg
images/be3a6615-Diploms_11.jpg
images/Artemii_new_1281.jpg
images/Nafisa_3_234.jpg
images/New_393.jpg
images/Timofey_new_5.jpg
images/Timofey_1_95.jpg
images/New_652.jpg
images/da3d7bb3-Passports_50.jpg
images/New_1161.jpg
images/Lev_1_13.jpg
images/Timofey_new_733.jpg
images/Artemii_new_1347.jpg
images/New_904.jpg
images/Artemii_1_151.jpg
images/6a8c4779-Passports_135.jpg
images/Timofey_1_88.jpg
images/Artemii_1_176.jpg
images/Timofey_1_140.jpg
images/Lev_1_244.jpg
images/Lev_3_233.jpg
images/64682299-Bills_96.jpg
images/Nafisa_3_80.jpg
images/Artemii_3_264.jpg
images/f5109ac0-Passports_85.jpg
images/Lev_3_79.jpg
images/New_852.jpg
images/New_870.jpg
images/Timofey_1_73.jpg
images/New_89.jpg
images/Artemii_1_54.jpg
images/Artemii_new_828.jpg
images/Nafisa_3_57.jpg
images/Lev_3_135.jpg
images/Artemii_3_225.jpg
images/Artemii_new_1268.jpg
images/Timofey_new_882.jpg
images/Lev_1_238.jpg
images/Timofey_1_145.jpg
images/Artemii_3_181.jpg
images/Artemii_new_837.jpg
images/Artemii_new_1006.jpg
images/Lev_1_43.jpg
images/New_608.jpg
images/Artemii_1_216.jpg
images/Artemii_3_86.jpg
images/c088ea3c-Passports_74.jpg
images/Artemii_new_838.jpg
images/Timofey_new_541.jpg
images/Lev_3_195.jpg
images/Timofey_new_66.jpg
images/Timofey_1_123.jpg
images/53efcfb7-Bills_42.jpg
images/e23a1cea-Bills_10.jpg
images/New_392.jpg
images/Artemii_new_943.jpg
images/Nafisa_1_143.jpg
images/Timofey_new_793.jpg
images/Timofey_1_9.jpg
images/Timofey_3_219.jpg
images/Lev_3_130.jpg
images/Artemii_1_194.jpg
images/Lev_3_103.jpg
images/Timofey_new_325.jpg
images/Artemii_1_240.jpg
images/Nafisa_1_155.jpg
images/Artemii_new_1287.jpg
images/Timofey_1_210.jpg
images/Timofey_1_198.jpg
images/Timofey_new_743.jpg
images/Artemii_1_39.jpg
images/New_776.jpg
images/Timofey_1_215.jpg
images/00a04089-Protocols_38.jpg
images/Nafisa_3_49.jpg
images/Timofey_3_164.jpg
images/Artemii_new_1327.jpg
images/Nafisa_1_189.jpg
images/Timofey_3_259.jpg
images/New_774.jpg
images/Artemii_new_936.jpg
images/Timofey_new_1378.jpg
images/Timofey_3_194.jpg
images/New_242.jpg
images/New_7.jpg
images/Timofey_new_1209.jpg
images/Nafisa_3_155.jpg
images/Timofey_1_217.jpg
images/0e43bb87-Protocols_115.jpg
images/Lev_3_106.jpg
images/Artemii_new_847.jpg
images/87734413-Protocols_168.jpg
images/Artemii_new_1291.jpg
images/Nafisa_1_39.jpg
images/Timofey_new_1302.jpg
images/d893b884-Bills_7.jpg
images/Timofey_new_931.jpg
images/Nafisa_3_41.jpg
images/Timofey_new_1254.jpg
images/Timofey_new_860.jpg
images/Timofey_3_260.jpg
images/Timofey_new_1148.jpg
images/Nafisa_1_1.jpg
images/Timofey_1_46.jpg
images/a968b114-MS_407.jpg
images/Timofey_3_173.jpg
images/Artemii_1_164.jpg
images/Artemii_1_56.jpg
images/Artemii_1_98.jpg
images/Timofey_1_23.jpg
images/MS_122.jpg
images/Artemii_3_246.jpg
images/Artemii_new_1075.jpg
images/Lev_3_257.jpg
images/Nafisa_1_222.jpg
images/Lev_3_133.jpg
images/Artemii_1_199.jpg
images/New_185.jpg
images/New_21.jpg
images/Timofey_3_250.jpg
images/Lev_3_80.jpg
images/New_658.jpg
images/Artemii_3_84.jpg
images/Artemii_3_5.jpg
images/Nafisa_1_242.jpg
images/Timofey_new_1032.jpg
images/New_765.jpg
images/Timofey_3_199.jpg
images/Artemii_new_1073.jpg
images/Nafisa_3_178.jpg
images/Nafisa_3_107.jpg
images/Timofey_new_821.jpg
images/Artemii_new_950.jpg
images/Artemii_new_878.jpg
images/Timofey_new_333.jpg
images/Nafisa_1_214.jpg
images/Timofey_new_352.jpg
images/New_890.jpg
images/c4bd1ca3-Passports_26.jpg
images/Artemii_3_196.jpg
images/Timofey_new_961.jpg
images/New_721.jpg
images/Lev_3_241.jpg
images/Timofey_new_190.jpg
images/Artemii_new_939.jpg
images/Lev_3_139.jpg
images/Artemii_new_883.jpg
images/MS_18.jpg
images/Nafisa_1_152.jpg
images/Timofey_new_1246.jpg
images/Artemii_new_1004.jpg
images/New_119.jpg
images/MS_210.jpg
images/Nafisa_1_75.jpg
images/Timofey_new_102.jpg
images/Timofey_new_272.jpg
images/dc7d13ea-MS_621.jpg
images/d6a8a75f-Tribunal_10.jpg
images/Nafisa_1_105.jpg
images/Timofey_1_211.jpg
images/dc9b33cd-Protocols_129.jpg
images/Lev_3_120.jpg
images/c4400440-Bills_269.jpg
images/Timofey_3_55.jpg
images/Artemii_1_137.jpg
images/Nafisa_3_258.jpg
images/Nafisa_3_160.jpg
images/663e68a6-Diploms_125.jpg
images/d8625f67-Tribunal_197.jpg
images/Artemii_1_198.jpg
images/8b6f73e1-MS_677.jpg
images/Timofey_new_1132.jpg
images/Artemii_new_854.jpg
images/Lev_1_164.jpg
images/Nafisa_3_187.jpg
images/Artemii_new_1171.jpg
images/3611c46a-Passports_108.jpg
images/a785bb55-MS_595.jpg
images/New_593.jpg
images/Timofey_new_895.jpg
images/Timofey_new_1029.jpg
images/Lev_3_176.jpg
images/Timofey_new_363.jpg
images/Artemii_new_1179.jpg
images/Nafisa_3_68.jpg
images/Timofey_new_167.jpg
images/Artemii_new_898.jpg
images/Lev_3_215.jpg
images/Nafisa_3_1.jpg
images/Artemii_new_1306.jpg
images/Timofey_new_1162.jpg
images/Nafisa_1_223.jpg
images/Timofey_new_186.jpg
images/New_575.jpg
images/1ba27ff8-MS_653.jpg
images/Artemii_1_49.jpg
images/Nafisa_1_54.jpg
images/Artemii_new_1042.jpg
images/Timofey_new_140.jpg
images/Artemii_1_70.jpg
images/Timofey_3_159.jpg
images/Timofey_new_942.jpg
images/Artemii_1_116.jpg
images/ab2c57ba-Diploms_158.jpg
images/New_830.jpg
images/Artemii_new_1259.jpg
images/Lev_3_226.jpg
images/Timofey_1_16.jpg
images/2d5c962d-Bills_29.jpg
images/Lev_1_50.jpg
images/Artemii_3_180.jpg
images/Timofey_new_537.jpg
images/Lev_3_209.jpg
images/Lev_1_80.jpg
images/Timofey_new_577.jpg
images/Lev_3_242.jpg
images/Nafisa_3_190.jpg
images/Timofey_1_137.jpg
images/Nafisa_1_160.jpg
images/Artemii_new_1343.jpg
images/Lev_1_28.jpg
images/db4bf7f2-Passports_100.jpg
images/Timofey_new_1127.jpg
images/New_209.jpg
images/Timofey_new_385.jpg
images/Timofey_1_111.jpg
images/Artemii_new_1352.jpg
images/Artemii_new_1087.jpg
images/Artemii_new_928.jpg
images/Lev_1_91.jpg
images/New_973.jpg
images/Nafisa_1_46.jpg
images/New_896.jpg
images/Timofey_new_654.jpg
images/New_1034.jpg
images/Lev_1_147.jpg
images/New_530.jpg
images/Artemii_new_862.jpg
images/Artemii_new_1069.jpg
images/Nafisa_1_236.jpg
images/Nafisa_3_111.jpg
images/Artemii_1_153.jpg
images/Artemii_1_43.jpg
images/New_604.jpg
images/Artemii_1_63.jpg
images/Artemii_new_937.jpg
images/4c503734-MS_584.jpg
images/Timofey_3_60.jpg
images/Lev_1_240.jpg
images/New_1144.jpg
images/Timofey_new_831.jpg
images/Lev_3_100.jpg
images/MS_294.jpg
images/Artemii_3_183.jpg
images/Nafisa_1_138.jpg
images/Lev_3_225.jpg
images/Artemii_new_1078.jpg
images/Artemii_3_209.jpg
images/Artemii_3_101.jpg
images/Nafisa_3_97.jpg
images/Lev_3_71.jpg
images/Nafisa_1_238.jpg
images/Artemii_new_833.jpg
images/Timofey_new_192.jpg
images/Artemii_new_1166.jpg
images/Timofey_1_132.jpg
images/Artemii_new_1262.jpg
images/Artemii_new_979.jpg
images/Timofey_1_245.jpg
images/c983837d-Bills_191.jpg
images/Timofey_new_331.jpg
images/MS_326.jpg
images/Timofey_new_805.jpg
images/Nafisa_1_59.jpg
images/Lev_3_50.jpg
images/Timofey_new_875.jpg
images/Lev_3_143.jpg
images/Artemii_3_116.jpg
images/Timofey_new_301.jpg
images/MS_164.jpg
images/Artemii_3_45.jpg
images/Timofey_3_235.jpg
images/Lev_1_171.jpg
images/a024baa4-Diploms_117.jpg
images/Timofey_new_1311.jpg
images/Artemii_new_1012.jpg
images/Timofey_new_1321.jpg
images/New_791.jpg
images/Timofey_1_55.jpg
images/Timofey_1_54.jpg
images/Lev_3_234.jpg
images/Artemii_new_1314.jpg
images/New_264.jpg
images/Lev_3_261.jpg
images/2c54818e-Passports_28.jpg
images/Artemii_new_1183.jpg
images/Timofey_new_633.jpg
images/1622ace8-Protocols_7.jpg
images/Artemii_new_1049.jpg
images/New_270.jpg
images/New_685.jpg
images/Artemii_3_203.jpg
images/Artemii_new_1331.jpg
images/Timofey_new_618.jpg
images/Artemii_new_809.jpg
images/Artemii_1_224.jpg
images/Timofey_new_1187.jpg
images/New_813.jpg
images/Timofey_new_820.jpg
images/Artemii_new_1074.jpg
images/Timofey_new_478.jpg
images/Timofey_new_946.jpg
images/Timofey_3_248.jpg
images/Lev_1_95.jpg
images/Nafisa_3_164.jpg
images/New_344.jpg
images/Lev_3_70.jpg
images/Timofey_3_174.jpg
images/New_248.jpg
images/New_184.jpg
images/Timofey_new_1073.jpg
images/New_908.jpg
images/Artemii_new_875.jpg
images/Nafisa_1_8.jpg
images/Lev_1_57.jpg
images/Timofey_new_247.jpg
images/Lev_3_114.jpg
images/Artemii_3_49.jpg
images/Artemii_new_1325.jpg
images/Timofey_new_1189.jpg
images/Artemii_new_1219.jpg
images/Timofey_new_490.jpg
images/New_1060.jpg
images/New_478.jpg
images/Artemii_3_150.jpg
images/Artemii_1_185.jpg
images/Artemii_1_28.jpg
images/Nafisa_1_225.jpg
images/4ab693bb-Protocols_154.jpg
images/Timofey_3_153.jpg
images/Artemii_1_146.jpg
images/b302a71b-MS_597.jpg
images/Nafisa_1_71.jpg
images/Timofey_new_75.jpg
images/New_926.jpg
images/Timofey_new_94.jpg
images/3e206579-Protocols_41.jpg
images/MS_244.jpg
images/Timofey_new_245.jpg
images/Lev_1_206.jpg
images/aec8602b-Passports_44.jpg
images/Nafisa_3_260.jpg
images/Artemii_1_152.jpg
images/New_1088.jpg
images/7669858f-Passports_118.jpg
images/Lev_1_108.jpg
images/New_862.jpg
images/Artemii_3_11.jpg
images/bb57af22-MS_652.jpg
images/Timofey_3_245.jpg
images/Artemii_new_1117.jpg
images/Artemii_new_876.jpg
images/be62e90e-Passports_112.jpg
images/Artemii_new_1213.jpg
images/New_164.jpg
images/Nafisa_3_183.jpg
images/92230577-Protocols_46.jpg
images/Artemii_1_209.jpg
images/Timofey_3_251.jpg
images/Artemii_1_229.jpg
images/Artemii_3_109.jpg
images/Lev_1_236.jpg
images/Artemii_1_52.jpg
images/Timofey_new_1126.jpg
images/Artemii_new_865.jpg
images/c633f935-Bills_274.jpg
images/New_586.jpg
images/Nafisa_1_98.jpg
images/Lev_3_74.jpg
images/Timofey_new_1310.jpg
images/Lev_1_138.jpg
images/Artemii_new_1113.jpg
images/4a659dfd-MS_386.jpg
images/Lev_3_202.jpg
images/Artemii_new_1001.jpg
images/New_509.jpg
images/Timofey_new_82.jpg
images/Artemii_3_169.jpg
images/New_556.jpg
images/Lev_3_165.jpg
images/Lev_1_67.jpg
images/Nafisa_3_144.jpg
images/New_129.jpg
images/Nafisa_1_78.jpg
images/Timofey_new_623.jpg
images/Artemii_3_172.jpg
images/Artemii_1_228.jpg
images/New_589.jpg
images/Timofey_1_167.jpg
images/Artemii_new_1188.jpg
images/8722dc6f-MS_417.jpg
images/Artemii_new_1135.jpg
images/0759c471-Tribunal_199.jpg
images/Timofey_3_169.jpg
images/Lev_1_46.jpg
images/Artemii_new_896.jpg
images/Timofey_new_1070.jpg
images/Artemii_new_1348.jpg
images/Nafisa_1_115.jpg
images/Timofey_1_56.jpg
images/Lev_3_210.jpg
images/Artemii_new_863.jpg
images/Timofey_1_148.jpg
images/Timofey_3_155.jpg
images/Artemii_1_6.jpg
images/Lev_1_112.jpg
images/Artemii_1_222.jpg
images/Artemii_1_145.jpg
images/New_954.jpg
images/Timofey_3_31.jpg
images/Artemii_1_13.jpg
images/Lev_3_219.jpg
images/Timofey_new_1058.jpg
images/Timofey_new_887.jpg
images/db36cddf-Diploms_50.jpg
images/Nafisa_1_81.jpg
images/Timofey_1_49.jpg
images/Timofey_3_102.jpg
images/New_715.jpg
images/Artemii_new_1100.jpg
images/Timofey_3_81.jpg
images/Nafisa_1_85.jpg
images/Nafisa_3_5.jpg
images/Timofey_3_205.jpg
images/Lev_1_24.jpg
images/c2bcfe8d-Bills_170.jpg
images/4e1a5137-Protocols_188.jpg
images/Timofey_new_666.jpg
images/Timofey_3_216.jpg
images/Artemii_new_818.jpg
images/MS_165.jpg
images/Timofey_1_179.jpg
images/Timofey_new_588.jpg
images/Artemii_new_951.jpg
images/890fc050-MS_459.jpg
images/Nafisa_1_184.jpg
images/Artemii_3_53.jpg
images/New_338.jpg
images/New_616.jpg
images/Artemii_1_223.jpg
images/Nafisa_1_179.jpg
images/Artemii_3_188.jpg
images/Artemii_new_997.jpg
images/Timofey_3_21.jpg
images/81dcef93-Diploms_124.jpg
images/714845b0-Diploms_128.jpg
images/Artemii_new_824.jpg
images/Nafisa_3_206.jpg
images/New_1200.jpg
images/c117bb1c-Bills_154.jpg
images/Timofey_3_185.jpg
images/3c4f6695-Tribunal_113.jpg
images/New_247.jpg
images/Artemii_new_990.jpg
images/Timofey_3_128.jpg
images/Timofey_new_1092.jpg
images/Artemii_3_120.jpg
images/Timofey_1_152.jpg
images/Artemii_new_820.jpg
images/Lev_1_40.jpg
images/Nafisa_3_30.jpg
images/MS_204.jpg
images/New_1024.jpg
images/New_80.jpg
images/Artemii_new_1211.jpg
images/Timofey_new_127.jpg
images/Timofey_1_93.jpg
images/Nafisa_3_8.jpg
images/Timofey_new_781.jpg
images/Timofey_new_944.jpg
images/New_182.jpg
images/Artemii_1_118.jpg
images/Lev_3_20.jpg
images/Timofey_3_179.jpg
images/Nafisa_1_130.jpg
images/Timofey_new_98.jpg
images/Timofey_1_12.jpg
images/84ba9952-MS_424.jpg
images/Timofey_new_1173.jpg
images/Lev_3_38.jpg
images/Lev_1_90.jpg
images/Artemii_new_1055.jpg
images/b09ddca3-Passports_72.jpg
images/3f1026bd-Passports_41.jpg
images/Timofey_1_1.jpg
images/Timofey_new_122.jpg
images/Artemii_new_1015.jpg
images/Lev_1_4.jpg
images/Timofey_1_6.jpg
images/Artemii_1_42.jpg
images/Lev_1_149.jpg
images/Timofey_3_229.jpg
images/Lev_1_193.jpg
images/Artemii_new_926.jpg
images/Artemii_1_103.jpg
images/7c0ed68f-Bills_19.jpg
images/Artemii_3_9.jpg
images/MS_34.jpg
images/Timofey_3_75.jpg
images/Lev_3_66.jpg
images/Timofey_1_243.jpg
images/Artemii_1_23.jpg
images/Artemii_new_1180.jpg
images/New_86.jpg
images/Timofey_new_729.jpg
images/New_1162.jpg
images/New_537.jpg
images/New_394.jpg
images/Timofey_1_186.jpg
images/Timofey_1_164.jpg
images/Lev_3_7.jpg
images/Nafisa_1_58.jpg
images/Timofey_3_10.jpg
images/Nafisa_1_192.jpg
images/Lev_3_53.jpg
images/Artemii_1_238.jpg
images/24c332b6-Bills_8.jpg
images/Timofey_3_190.jpg
images/Timofey_new_115.jpg
images/Artemii_new_916.jpg
images/Timofey_1_201.jpg
images/Timofey_3_85.jpg
images/Timofey_new_1353.jpg
images/Artemii_new_1053.jpg
images/Timofey_new_522.jpg
images/Timofey_1_133.jpg
images/Nafisa_1_107.jpg
images/21533762-Bills_238.jpg
images/Artemii_new_1311.jpg
images/Nafisa_1_3.jpg
images/Artemii_new_1197.jpg
images/Nafisa_3_238.jpg
images/New_732.jpg
images/34aac733-Bills_209.jpg
images/Timofey_1_120.jpg
images/Nafisa_3_93.jpg
images/56246142-Bills_63.jpg
images/Lev_1_75.jpg
images/MS_72.jpg
images/New_523.jpg
images/Artemii_1_136.jpg
images/Timofey_new_732.jpg
images/Artemii_new_1319.jpg
images/Timofey_1_187.jpg
images/Artemii_new_987.jpg
images/Artemii_3_146.jpg
images/3a123f5e-Passports_17.jpg
images/Artemii_1_155.jpg
images/Timofey_1_105.jpg
images/Lev_3_207.jpg
images/MS_10.jpg
images/Nafisa_3_153.jpg
images/Artemii_new_980.jpg
images/Artemii_3_176.jpg
images/Artemii_new_967.jpg
images/Lev_1_52.jpg
images/Timofey_new_855.jpg
images/9a838045-Passports_60.jpg
images/New_351.jpg
images/Artemii_new_1178.jpg
images/Artemii_new_1022.jpg
images/New_372.jpg
images/Timofey_new_47.jpg
images/New_1137.jpg
images/Artemii_new_1220.jpg
images/New_440.jpg
images/Artemii_new_934.jpg
images/Nafisa_1_56.jpg
images/Lev_3_132.jpg
images/Nafisa_1_19.jpg
images/Lev_3_159.jpg
images/Lev_1_86.jpg
images/New_555.jpg
images/Artemii_3_7.jpg
images/Artemii_3_257.jpg
images/Timofey_1_94.jpg
images/Timofey_new_260.jpg
images/Artemii_1_91.jpg
images/Nafisa_3_215.jpg
images/MS_258.jpg
images/Timofey_1_115.jpg
images/Artemii_3_6.jpg
images/Artemii_new_846.jpg
images/Timofey_new_463.jpg
images/Artemii_1_75.jpg
images/Lev_1_231.jpg
images/Artemii_new_1154.jpg
images/Artemii_1_104.jpg
images/Lev_3_13.jpg
images/Timofey_1_202.jpg
images/Timofey_new_168.jpg
images/New_1191.jpg
images/Nafisa_3_143.jpg
images/New_739.jpg
images/Timofey_new_824.jpg
images/Artemii_new_1322.jpg
images/Artemii_new_805.jpg
images/Artemii_1_121.jpg
images/Lev_1_131.jpg
images/Lev_3_216.jpg
images/Artemii_1_45.jpg
images/Artemii_new_1310.jpg
images/Timofey_3_161.jpg
images/Lev_1_168.jpg
images/Timofey_3_16.jpg
images/Artemii_new_890.jpg
images/Artemii_1_90.jpg
images/Artemii_1_48.jpg
images/Nafisa_1_218.jpg
images/Artemii_new_911.jpg
images/Artemii_3_179.jpg
images/Lev_1_160.jpg
images/Timofey_1_139.jpg
images/Artemii_1_140.jpg
images/Lev_3_15.jpg
images/38e56160-Protocols_86.jpg
images/New_822.jpg
images/Nafisa_1_124.jpg
images/New_516.jpg
images/Timofey_new_868.jpg
images/Timofey_new_469.jpg
images/New_83.jpg
images/Lev_3_199.jpg
images/Artemii_new_903.jpg
images/Nafisa_1_122.jpg
images/Nafisa_1_173.jpg
images/Timofey_1_90.jpg
images/Timofey_new_896.jpg
images/Timofey_new_230.jpg
images/Timofey_3_88.jpg
images/Timofey_new_241.jpg
images/Timofey_new_937.jpg
images/New_454.jpg
images/Timofey_new_296.jpg
images/Timofey_1_70.jpg
images/Artemii_new_1212.jpg
images/Timofey_new_1062.jpg
images/Timofey_1_127.jpg
images/Artemii_new_1278.jpg
images/New_232.jpg
images/Artemii_new_1235.jpg
images/Artemii_new_1257.jpg
images/Timofey_3_122.jpg
images/Timofey_3_71.jpg
images/Timofey_1_234.jpg
images/Timofey_1_110.jpg
images/New_332.jpg
images/Timofey_new_268.jpg
images/421a0c36-Diploms_136.jpg
images/Artemii_1_218.jpg
images/305f0fa6-MS_494.jpg
images/Timofey_new_291.jpg
images/Nafisa_3_67.jpg
images/New_331.jpg
images/New_956.jpg
images/Timofey_new_934.jpg
images/New_188.jpg
images/Artemii_new_1201.jpg
images/Nafisa_3_91.jpg
images/Lev_1_218.jpg
images/06fe35a9-Passports_76.jpg
images/Lev_3_249.jpg
images/Artemii_new_1093.jpg
images/ec15f326-Passports_97.jpg
images/Lev_1_135.jpg
images/Artemii_new_1338.jpg
images/Lev_1_92.jpg
images/Timofey_new_619.jpg
images/New_14.jpg
images/Artemii_new_1318.jpg
images/Lev_1_89.jpg
images/Timofey_1_143.jpg
images/d595c205-MS_360.jpg
images/Artemii_1_141.jpg
images/Lev_1_174.jpg
images/Timofey_3_91.jpg
images/Lev_3_69.jpg
images/Lev_3_236.jpg
images/Artemii_3_73.jpg
images/c0d6993a-Passports_38.jpg
images/New_294.jpg
images/Nafisa_1_63.jpg
images/Artemii_new_810.jpg
images/Lev_1_234.jpg
images/Artemii_new_855.jpg
images/Nafisa_1_44.jpg
images/Nafisa_3_170.jpg
images/a30ae4fc-Bills_184.jpg
images/Nafisa_3_168.jpg
images/Timofey_new_1110.jpg
images/Lev_1_11.jpg
images/Artemii_3_249.jpg
images/Artemii_1_178.jpg
images/New_861.jpg
images/Artemii_1_162.jpg
images/Timofey_new_367.jpg
images/d1645df0-Diploms_102.jpg
images/Lev_1_53.jpg
images/Artemii_1_241.jpg
images/Artemii_1_109.jpg
images/New_412.jpg
images/Timofey_1_103.jpg
images/Timofey_new_1149.jpg
images/Timofey_new_641.jpg
images/Timofey_new_270.jpg
images/New_969.jpg
images/Timofey_new_1355.jpg
images/Lev_3_256.jpg
images/b98a6b86-Bills_77.jpg
images/Artemii_1_4.jpg
images/Artemii_3_134.jpg
images/Timofey_1_78.jpg
images/Nafisa_3_17.jpg
images/Artemii_3_235.jpg
images/Lev_1_102.jpg
images/Artemii_new_1095.jpg
images/Timofey_1_129.jpg
images/74b707d8-Diploms_143.jpg
images/Lev_3_16.jpg
images/Lev_3_206.jpg
images/Artemii_new_1111.jpg
images/Timofey_1_31.jpg
images/Nafisa_3_211.jpg
images/Timofey_new_1098.jpg
images/New_547.jpg
images/New_1112.jpg
images/Lev_1_116.jpg
images/Nafisa_1_136.jpg
images/Artemii_new_1217.jpg
images/Lev_1_121.jpg
images/Nafisa_3_233.jpg
images/Artemii_new_1301.jpg
images/63a16a13-MS_371.jpg
images/Timofey_new_986.jpg
images/New_769.jpg
images/New_659.jpg
images/Timofey_3_244.jpg
images/New_116.jpg
images/Artemii_new_1036.jpg
images/Timofey_3_170.jpg
images/Timofey_new_1019.jpg
images/61bb15ac-Passports_56.jpg
images/Artemii_3_10.jpg
images/Lev_3_182.jpg
images/Artemii_1_220.jpg
images/Lev_1_204.jpg
images/Timofey_3_15.jpg
images/Lev_3_30.jpg
images/Timofey_new_401.jpg
images/Timofey_new_24.jpg
images/Lev_3_183.jpg
images/Timofey_new_394.jpg
images/Timofey_3_110.jpg
images/Lev_3_25.jpg
images/Lev_3_168.jpg
images/Nafisa_3_135.jpg
images/Artemii_3_107.jpg
images/Timofey_new_1220.jpg
images/e48e315a-Diploms_81.jpg
images/Artemii_new_925.jpg
images/Nafisa_1_88.jpg
images/Artemii_3_242.jpg
images/Timofey_1_188.jpg
images/Artemii_1_181.jpg
images/Timofey_new_969.jpg
images/Nafisa_3_217.jpg
images/New_580.jpg
images/Artemii_1_110.jpg
images/30ec3edd-MS_477.jpg
images/Timofey_new_1365.jpg
images/Timofey_3_195.jpg
images/Artemii_1_226.jpg
images/Artemii_3_132.jpg
images/Artemii_new_1198.jpg
images/Artemii_new_1140.jpg
images/598c2170-Bills_111.jpg
images/Timofey_1_142.jpg
images/New_757.jpg
images/Timofey_new_932.jpg
images/Timofey_new_909.jpg
images/Artemii_new_1326.jpg
images/79330053-Protocols_182.jpg
images/Artemii_1_134.jpg
images/Timofey_1_15.jpg
images/Lev_3_186.jpg
images/90a5169f-Bills_199.jpg
images/Timofey_new_825.jpg
images/Artemii_1_115.jpg
images/2f16a48e-Bills_83.jpg
images/Timofey_new_242.jpg
images/Timofey_3_256.jpg
images/Nafisa_3_11.jpg
images/8e0864a0-Protocols_1.jpg
images/Nafisa_3_50.jpg
images/Timofey_new_1290.jpg
images/8a0cc594-Bills_138.jpg
images/7a63980c-MS_508.jpg
images/Artemii_new_827.jpg
images/New_968.jpg
images/Timofey_3_116.jpg
images/Timofey_1_138.jpg
images/5c793a0e-MS_479.jpg
images/New_252.jpg
images/Lev_3_142.jpg
images/Nafisa_1_47.jpg
images/New_613.jpg
images/b1739142-Bills_284.jpg
images/New_552.jpg
images/Lev_1_134.jpg
images/Artemii_new_873.jpg
images/Lev_3_34.jpg
images/9bd39693-Protocols_197.jpg
images/Nafisa_1_6.jpg
images/New_461.jpg
images/Lev_1_44.jpg
images/Artemii_1_102.jpg
images/Lev_1_54.jpg
images/Lev_3_41.jpg
images/Timofey_new_938.jpg
images/Timofey_1_218.jpg
images/Timofey_new_847.jpg
images/4b245981-Diploms_31.jpg
images/Timofey_new_95.jpg
images/Lev_3_211.jpg
images/Artemii_new_1066.jpg
images/Artemii_1_22.jpg
images/New_81.jpg
images/Artemii_1_60.jpg
images/Artemii_3_154.jpg
images/27f7cf7c-Bills_177.jpg
images/Timofey_1_25.jpg
images/Timofey_new_688.jpg
images/Timofey_new_109.jpg
images/Timofey_new_1040.jpg
images/db015631-Passports_1.jpg
images/Lev_3_78.jpg
images/Artemii_3_17.jpg
images/Timofey_1_80.jpg
images/MS_189.jpg
images/ab6122b4-Protocols_58.jpg
images/Lev_1_186.jpg
images/Artemii_3_79.jpg
images/e552453d-Diploms_184.jpg
images/Artemii_new_1099.jpg
images/Lev_1_105.jpg
images/Artemii_3_123.jpg
images/Artemii_new_822.jpg
images/Timofey_3_56.jpg
images/3dd7d9c9-Tribunal_111.jpg
images/Timofey_new_1270.jpg
images/Timofey_new_125.jpg
images/Lev_1_10.jpg
images/Artemii_new_1021.jpg
images/Lev_1_198.jpg
images/Lev_1_181.jpg
images/Lev_3_227.jpg
images/New_802.jpg
images/Artemii_new_921.jpg
images/New_911.jpg
images/71bebe42-MS_448.jpg
images/Timofey_new_420.jpg
images/New_548.jpg
images/New_384.jpg
images/Timofey_1_224.jpg
images/Nafisa_3_134.jpg
images/Artemii_1_217.jpg
images/e421ddd2-Protocols_140.jpg
images/Timofey_3_106.jpg
images/f3ed8351-MS_619.jpg
images/cf1d77be-Protocols_185.jpg
images/Timofey_1_75.jpg
images/Nafisa_1_112.jpg
images/New_64.jpg
images/Artemii_1_200.jpg
